make[1]: Entering directory '/home/talsit/allsky/src'
Building capture_ZWO.o ...
Building allsky_common.o ...
2023-11-10 11:34:24 Building capture_ZWO program...
2023-11-10 11:34:25 Done.
Building capture_RPi.o ...
Building mode_mean.o ...
2023-11-10 11:34:41 Building capture_RPi program...
2023-11-10 11:34:42 Done.
2023-11-10 11:34:42 Building startrails program...
2023-11-10 11:34:54 Done.
2023-11-10 11:34:54 Building keogram program...
2023-11-10 11:35:08 Done.
2023-11-10 11:35:08 Building sunwait...
make[2]: Entering directory '/home/talsit/allsky/src/sunwait-src'
cc -c -Wall -std=c99 -O2 -Wextra -pedantic sunwait.c -o sunwait.o
cc -c -Wall -std=c99 -O2 -Wextra -pedantic sunriset.c -o sunriset.o
cc -c -Wall -std=c99 -O2 -Wextra -pedantic print.c -o print.o
cc sunwait.o sunriset.o print.o -o sunwait -lm 
make[2]: Leaving directory '/home/talsit/allsky/src/sunwait-src'
2023-11-10 11:35:10 Done.
make[1]: Leaving directory '/home/talsit/allsky/src'
make[1]: Entering directory '/home/talsit/allsky/config_repo'
2023-11-10 11:35:10 nothing to do for all
make[1]: Leaving directory '/home/talsit/allsky/config_repo'
make[1]: Entering directory '/home/talsit/allsky/notification_images'
2023-11-10 11:35:10 nothing to do for all...
make[1]: Leaving directory '/home/talsit/allsky/notification_images'
make[1]: Entering directory '/home/talsit/allsky/scripts'
2023-11-10 11:35:11 nothing to do for all
make[1]: Leaving directory '/home/talsit/allsky/scripts'
