2023-11-10 11:35:11 Starting install...
make[1]: Entering directory '/home/talsit/allsky/src'
2023-11-10 11:35:11 Copying binaries...
make[1]: Leaving directory '/home/talsit/allsky/src'
make[1]: Entering directory '/home/talsit/allsky/config_repo'
2023-11-10 11:35:11 Creating directory structures...
2023-11-10 11:35:11 Copying default config.sh
2023-11-10 11:35:11 Copying default ftp-settings.sh
2023-11-10 11:35:11 Setting up udev rules...
2023-11-10 11:35:11 Setting up logging...
2023-11-10 11:35:11 Setting allsky to auto start...
Created symlink /etc/systemd/system/multi-user.target.wants/allsky.service → /etc/systemd/system/allsky.service.
Created symlink /etc/systemd/system/multi-user.target.wants/allskyperiodic.service → /etc/systemd/system/allskyperiodic.service.
2023-11-10 11:35:12 Setting up home environment variable...
make[1]: Leaving directory '/home/talsit/allsky/config_repo'
make[1]: Entering directory '/home/talsit/allsky/notification_images'
2023-11-10 11:35:12 nothing to do for install...
make[1]: Leaving directory '/home/talsit/allsky/notification_images'
make[1]: Entering directory '/home/talsit/allsky/scripts'
2023-11-10 11:35:13 Setting up scripts...
make[1]: Leaving directory '/home/talsit/allsky/scripts'
2023-11-10 11:35:13 Setting directory permissions...


2023-11-10 11:35:13 Install complete


